# JRE version: OpenJDK Runtime Environment (8.0_121-b13) (build 1.8.0_121-8u121-b13-0ubuntu1.16.04.2-b13)
# Java VM: OpenJDK 64-Bit Server VM (25.121-b13 mixed mode linux-amd64 compressed oops)
Heap:
 def new generation   total 147904K, used 0K [0x00000000a0000000, 0x00000000aa070000, 0x00000000c0000000)
  eden space 131520K,   0% used [0x00000000a0000000, 0x00000000a0000000, 0x00000000a8070000)
  from space 16384K,   0% used [0x00000000a8070000, 0x00000000a8070000, 0x00000000a9070000)
  to   space 16384K,   0% used [0x00000000a9070000, 0x00000000a9070000, 0x00000000aa070000)
 tenured generation   total 479296K, used 400110K [0x00000000c0000000, 0x00000000dd410000, 0x0000000100000000)
   the space 479296K,  83% used [0x00000000c0000000, 0x00000000d86bba30, 0x00000000d86bbc00, 0x00000000dd410000)
 Metaspace       used 56553K, capacity 58030K, committed 58112K, reserved 1099776K
  class space    used 7309K, capacity 7676K, committed 7680K, reserved 1048576K
GC Heap History (10 events):
Event: 82.822 GC heap after
Heap after GC invocations=184 (full 13):
 def new generation   total 147904K, used 10025K [0x00000000a0000000, 0x00000000aa070000, 0x00000000c0000000)
  eden space 131520K,   0% used [0x00000000a0000000, 0x00000000a0000000, 0x00000000a8070000)
  from space 16384K,  61% used [0x00000000a9070000, 0x00000000a9a3a638, 0x00000000aa070000)
  to   space 16384K,   0% used [0x00000000a8070000, 0x00000000a8070000, 0x00000000a9070000)
 tenured generation   total 328416K, used 300853K [0x00000000c0000000, 0x00000000d40b8000, 0x0000000100000000)
   the space 328416K,  91% used [0x00000000c0000000, 0x00000000d25cd620, 0x00000000d25cd800, 0x00000000d40b8000)
 Metaspace       used 56543K, capacity 58030K, committed 58112K, reserved 1099776K
  class space    used 7307K, capacity 7676K, committed 7680K, reserved 1048576K
}
Event: 83.024 GC heap before
{Heap before GC invocations=184 (full 13):
 def new generation   total 147904K, used 141590K [0x00000000a0000000, 0x00000000aa070000, 0x00000000c0000000)
  eden space 131520K,  98% used [0x00000000a0000000, 0x00000000a7ebaf58, 0x00000000a8070000)
  from space 16384K,  72% used [0x00000000a9070000, 0x00000000a9bfac48, 0x00000000aa070000)
  to   space 16384K,   0% used [0x00000000a8070000, 0x00000000a8070000, 0x00000000a9070000)
 tenured generation   total 328416K, used 300853K [0x00000000c0000000, 0x00000000d40b8000, 0x0000000100000000)
   the space 328416K,  91% used [0x00000000c0000000, 0x00000000d25cd620, 0x00000000d25cd800, 0x00000000d40b8000)
 Metaspace       used 56543K, capacity 58030K, committed 58112K, reserved 1099776K
  class space    used 7307K, capacity 7676K, committed 7680K, reserved 1048576K
Event: 83.051 GC heap after
Heap after GC invocations=185 (full 13):
 def new generation   total 147904K, used 16330K [0x00000000a0000000, 0x00000000aa070000, 0x00000000c0000000)
  eden space 131520K,   0% used [0x00000000a0000000, 0x00000000a0000000, 0x00000000a8070000)
  from space 16384K,  99% used [0x00000000a8070000, 0x00000000a9062b58, 0x00000000a9070000)
  to   space 16384K,   0% used [0x00000000a9070000, 0x00000000a9070000, 0x00000000aa070000)
 tenured generation   total 333624K, used 333265K [0x00000000c0000000, 0x00000000d45ce000, 0x0000000100000000)
   the space 333624K,  99% used [0x00000000c0000000, 0x00000000d4574480, 0x00000000d4574600, 0x00000000d45ce000)
 Metaspace       used 56543K, capacity 58030K, committed 58112K, reserved 1099776K
  class space    used 7307K, capacity 7676K, committed 7680K, reserved 1048576K
}
Event: 83.232 GC heap before
{Heap before GC invocations=185 (full 13):
 def new generation   total 147904K, used 144528K [0x00000000a0000000, 0x00000000aa070000, 0x00000000c0000000)
  eden space 131520K,  97% used [0x00000000a0000000, 0x00000000a7d31708, 0x00000000a8070000)
  from space 16384K,  99% used [0x00000000a8070000, 0x00000000a9062b58, 0x00000000a9070000)
  to   space 16384K,   0% used [0x00000000a9070000, 0x00000000a9070000, 0x00000000aa070000)
 tenured generation   total 337724K, used 337361K [0x00000000c0000000, 0x00000000d49cf000, 0x0000000100000000)
   the space 337724K,  99% used [0x00000000c0000000, 0x00000000d4974490, 0x00000000d4974600, 0x00000000d49cf000)
 Metaspace       used 56543K, capacity 58030K, committed 58112K, reserved 1099776K
  class space    used 7307K, capacity 7676K, committed 7680K, reserved 1048576K
Event: 83.266 GC heap after
Heap after GC invocations=186 (full 13):
 def new generation   total 147904K, used 16374K [0x00000000a0000000, 0x00000000aa070000, 0x00000000c0000000)
  eden space 131520K,   0% used [0x00000000a0000000, 0x00000000a0000000, 0x00000000a8070000)
  from space 16384K,  99% used [0x00000000a9070000, 0x00000000aa06d8a0, 0x00000000aa070000)
  to   space 16384K,   0% used [0x00000000a8070000, 0x00000000a8070000, 0x00000000a9070000)
 tenured generation   total 367960K, used 367882K [0x00000000c0000000, 0x00000000d6756000, 0x0000000100000000)
   the space 367960K,  99% used [0x00000000c0000000, 0x00000000d6742b50, 0x00000000d6742c00, 0x00000000d6756000)
 Metaspace       used 56543K, capacity 58030K, committed 58112K, reserved 1099776K
  class space    used 7307K, capacity 7676K, committed 7680K, reserved 1048576K
}
Event: 83.526 GC heap before
{Heap before GC invocations=186 (full 13):
 def new generation   total 147904K, used 147894K [0x00000000a0000000, 0x00000000aa070000, 0x00000000c0000000)
  eden space 131520K, 100% used [0x00000000a0000000, 0x00000000a8070000, 0x00000000a8070000)
  from space 16384K,  99% used [0x00000000a9070000, 0x00000000aa06d8a0, 0x00000000aa070000)
  to   space 16384K,   0% used [0x00000000a8070000, 0x00000000a8070000, 0x00000000a9070000)
 tenured generation   total 369192K, used 369113K [0x00000000c0000000, 0x00000000d688a000, 0x0000000100000000)
   the space 369192K,  99% used [0x00000000c0000000, 0x00000000d68765e0, 0x00000000d6876600, 0x00000000d688a000)
 Metaspace       used 56544K, capacity 58030K, committed 58112K, reserved 1099776K
  class space    used 7307K, capacity 7676K, committed 7680K, reserved 1048576K
Event: 83.581 GC heap after
Heap after GC invocations=187 (full 13):
 def new generation   total 147904K, used 16384K [0x00000000a0000000, 0x00000000aa070000, 0x00000000c0000000)
  eden space 131520K,   0% used [0x00000000a0000000, 0x00000000a0000000, 0x00000000a8070000)
  from space 16384K, 100% used [0x00000000a8070000, 0x00000000a9070000, 0x00000000a9070000)
  to   space 16384K,   0% used [0x00000000a9070000, 0x00000000a9070000, 0x00000000aa070000)
 tenured generation   total 417660K, used 417520K [0x00000000c0000000, 0x00000000d97df000, 0x0000000100000000)
   the space 417660K,  99% used [0x00000000c0000000, 0x00000000d97bc1e0, 0x00000000d97bc200, 0x00000000d97df000)
 Metaspace       used 56544K, capacity 58030K, committed 58112K, reserved 1099776K
  class space    used 7307K, capacity 7676K, committed 7680K, reserved 1048576K
}
Event: 83.728 GC heap before
{Heap before GC invocations=187 (full 13):
 def new generation   total 147904K, used 147904K [0x00000000a0000000, 0x00000000aa070000, 0x00000000c0000000)
  eden space 131520K, 100% used [0x00000000a0000000, 0x00000000a8070000, 0x00000000a8070000)
  from space 16384K, 100% used [0x00000000a8070000, 0x00000000a9070000, 0x00000000a9070000)
  to   space 16384K,   0% used [0x00000000a9070000, 0x00000000a9070000, 0x00000000aa070000)
 tenured generation   total 419836K, used 419705K [0x00000000c0000000, 0x00000000d99ff000, 0x0000000100000000)
   the space 419836K,  99% used [0x00000000c0000000, 0x00000000d99de478, 0x00000000d99de600, 0x00000000d99ff000)
 Metaspace       used 56544K, capacity 58030K, committed 58112K, reserved 1099776K
  class space    used 7307K, capacity 7676K, committed 7680K, reserved 1048576K
Event: 83.793 GC heap after
Heap after GC invocations=188 (full 13):
 def new generation   total 147904K, used 16358K [0x00000000a0000000, 0x00000000aa070000, 0x00000000c0000000)
  eden space 131520K,   0% used [0x00000000a0000000, 0x00000000a0000000, 0x00000000a8070000)
  from space 16384K,  99% used [0x00000000a9070000, 0x00000000aa069b58, 0x00000000aa070000)
  to   space 16384K,   0% used [0x00000000a8070000, 0x00000000a8070000, 0x00000000a9070000)
 tenured generation   total 451344K, used 451304K [0x00000000c0000000, 0x00000000db8c4000, 0x0000000100000000)
   the space 451344K,  99% used [0x00000000c0000000, 0x00000000db8ba348, 0x00000000db8ba400, 0x00000000db8c4000)
 Metaspace       used 56544K, capacity 58030K, committed 58112K, reserved 1099776K
  class space    used 7307K, capacity 7676K, committed 7680K, reserved 1048576K
}
Event: 84.387 GC heap before
{Heap before GC invocations=188 (full 13):
 def new generation   total 147904K, used 147845K [0x00000000a0000000, 0x00000000aa070000, 0x00000000c0000000)
  eden space 131520K,  99% used [0x00000000a0000000, 0x00000000a8067a90, 0x00000000a8070000)
  from space 16384K,  99% used [0x00000000a9070000, 0x00000000aa069b58, 0x00000000aa070000)
  to   space 16384K,   0% used [0x00000000a8070000, 0x00000000a8070000, 0x00000000a9070000)
 tenured generation   total 451344K, used 451304K [0x00000000c0000000, 0x00000000db8c4000, 0x0000000100000000)
   the space 451344K,  99% used [0x00000000c0000000, 0x00000000db8ba348, 0x00000000db8ba400, 0x00000000db8c4000)
 Metaspace       used 56553K, capacity 58030K, committed 58112K, reserved 1099776K
  class space    used 7309K, capacity 7676K, committed 7680K, reserved 1048576K

